2020-04-29 12:16:44.031  INFO 12072 --- [main] it.course.myblog.MyblogApplication       : Starting MyblogApplication on LAPTOP-JFJ9VB7L with PID 12072 (C:\Users\thoma\Documents\workspace-spring-tool-suite-4-4.6.0.RELEASE\myblog\target\classes started by thoma in C:\Users\thoma\Documents\workspace-spring-tool-suite-4-4.6.0.RELEASE\myblog)
2020-04-29 12:16:44.033  INFO 12072 --- [main] it.course.myblog.MyblogApplication       : The following profiles are active: dev
2020-04-29 12:16:45.047  INFO 12072 --- [main] .s.d.r.c.RepositoryConfigurationDelegate : Bootstrapping Spring Data JPA repositories in DEFAULT mode.
2020-04-29 12:16:45.153  INFO 12072 --- [main] .s.d.r.c.RepositoryConfigurationDelegate : Finished Spring Data repository scanning in 99ms. Found 11 JPA repository interfaces.
2020-04-29 12:16:45.484  INFO 12072 --- [main] trationDelegate$BeanPostProcessorChecker : Bean 'org.springframework.security.config.annotation.configuration.ObjectPostProcessorConfiguration' of type [org.springframework.security.config.annotation.configuration.ObjectPostProcessorConfiguration] is not eligible for getting processed by all BeanPostProcessors (for example: not eligible for auto-proxying)
2020-04-29 12:16:45.487  INFO 12072 --- [main] trationDelegate$BeanPostProcessorChecker : Bean 'objectPostProcessor' of type [org.springframework.security.config.annotation.configuration.AutowireBeanFactoryObjectPostProcessor] is not eligible for getting processed by all BeanPostProcessors (for example: not eligible for auto-proxying)
2020-04-29 12:16:45.489  INFO 12072 --- [main] trationDelegate$BeanPostProcessorChecker : Bean 'org.springframework.security.access.expression.method.DefaultMethodSecurityExpressionHandler@35178483' of type [org.springframework.security.access.expression.method.DefaultMethodSecurityExpressionHandler] is not eligible for getting processed by all BeanPostProcessors (for example: not eligible for auto-proxying)
2020-04-29 12:16:45.490  INFO 12072 --- [main] trationDelegate$BeanPostProcessorChecker : Bean 'org.springframework.security.config.annotation.method.configuration.GlobalMethodSecurityConfiguration' of type [org.springframework.security.config.annotation.method.configuration.GlobalMethodSecurityConfiguration] is not eligible for getting processed by all BeanPostProcessors (for example: not eligible for auto-proxying)
2020-04-29 12:16:45.496  INFO 12072 --- [main] trationDelegate$BeanPostProcessorChecker : Bean 'org.springframework.security.config.annotation.method.configuration.Jsr250MetadataSourceConfiguration' of type [org.springframework.security.config.annotation.method.configuration.Jsr250MetadataSourceConfiguration] is not eligible for getting processed by all BeanPostProcessors (for example: not eligible for auto-proxying)
2020-04-29 12:16:45.497  INFO 12072 --- [main] trationDelegate$BeanPostProcessorChecker : Bean 'jsr250MethodSecurityMetadataSource' of type [org.springframework.security.access.annotation.Jsr250MethodSecurityMetadataSource] is not eligible for getting processed by all BeanPostProcessors (for example: not eligible for auto-proxying)
2020-04-29 12:16:45.498  INFO 12072 --- [main] trationDelegate$BeanPostProcessorChecker : Bean 'methodSecurityMetadataSource' of type [org.springframework.security.access.method.DelegatingMethodSecurityMetadataSource] is not eligible for getting processed by all BeanPostProcessors (for example: not eligible for auto-proxying)
2020-04-29 12:16:45.766  INFO 12072 --- [main] o.s.b.w.embedded.tomcat.TomcatWebServer  : Tomcat initialized with port(s): 8081 (http)
2020-04-29 12:16:45.774  INFO 12072 --- [main] o.apache.catalina.core.StandardService   : Starting service [Tomcat]
2020-04-29 12:16:45.775  INFO 12072 --- [main] org.apache.catalina.core.StandardEngine  : Starting Servlet engine: [Apache Tomcat/9.0.31]
2020-04-29 12:16:45.869  INFO 12072 --- [main] o.a.c.c.C.[Tomcat].[localhost].[/]       : Initializing Spring embedded WebApplicationContext
2020-04-29 12:16:45.869  INFO 12072 --- [main] o.s.web.context.ContextLoader            : Root WebApplicationContext: initialization completed in 1805 ms
2020-04-29 12:16:46.127  INFO 12072 --- [main] o.hibernate.jpa.internal.util.LogHelper  : HHH000204: Processing PersistenceUnitInfo [name: default]
2020-04-29 12:16:46.183  INFO 12072 --- [main] org.hibernate.Version                    : HHH000412: Hibernate ORM core version 5.4.12.Final
2020-04-29 12:16:46.343  INFO 12072 --- [main] o.hibernate.annotations.common.Version   : HCANN000001: Hibernate Commons Annotations {5.1.0.Final}
2020-04-29 12:16:46.429  INFO 12072 --- [main] com.zaxxer.hikari.HikariDataSource       : HikariPool-1 - Starting...
2020-04-29 12:16:46.883  INFO 12072 --- [main] com.zaxxer.hikari.HikariDataSource       : HikariPool-1 - Start completed.
2020-04-29 12:16:46.894  INFO 12072 --- [main] org.hibernate.dialect.Dialect            : HHH000400: Using dialect: org.hibernate.dialect.MySQL5InnoDBDialect
2020-04-29 12:16:47.952  INFO 12072 --- [main] o.h.e.t.j.p.i.JtaPlatformInitiator       : HHH000490: Using JtaPlatform implementation: [org.hibernate.engine.transaction.jta.platform.internal.NoJtaPlatform]
2020-04-29 12:16:47.959  INFO 12072 --- [main] j.LocalContainerEntityManagerFactoryBean : Initialized JPA EntityManagerFactory for persistence unit 'default'
2020-04-29 12:16:49.299  INFO 12072 --- [main] pertySourcedRequestMappingHandlerMapping : Mapped URL path [/v2/api-docs] onto method [springfox.documentation.swagger2.web.Swagger2Controller#getDocumentation(String, HttpServletRequest)]
2020-04-29 12:16:49.420  INFO 12072 --- [main] o.s.s.web.DefaultSecurityFilterChain     : Creating filter chain: any request, [org.springframework.security.web.context.request.async.WebAsyncManagerIntegrationFilter@7db06c50, org.springframework.security.web.context.SecurityContextPersistenceFilter@570299e3, org.springframework.security.web.header.HeaderWriterFilter@254513e8, org.springframework.web.filter.CorsFilter@1554eaa4, org.springframework.security.web.authentication.logout.LogoutFilter@37fffef3, it.course.myblog.security.JwtAuthenticationFilter@342723a3, org.springframework.security.web.authentication.UsernamePasswordAuthenticationFilter@6c9e74f3, org.springframework.security.web.savedrequest.RequestCacheAwareFilter@3beaa16d, org.springframework.security.web.servletapi.SecurityContextHolderAwareRequestFilter@25bc65ab, org.springframework.security.web.authentication.AnonymousAuthenticationFilter@b340615, org.springframework.security.web.session.SessionManagementFilter@74f89bad, org.springframework.security.web.access.ExceptionTranslationFilter@4b99648a, org.springframework.security.web.access.intercept.FilterSecurityInterceptor@1325f967]
2020-04-29 12:16:49.454  INFO 12072 --- [main] it.course.myblog.MyblogApplication       : The used profile is: superman
2020-04-29 12:16:49.493  INFO 12072 --- [main] o.s.s.concurrent.ThreadPoolTaskExecutor  : Initializing ExecutorService 'applicationTaskExecutor'
2020-04-29 12:16:49.628  INFO 12072 --- [main] d.s.w.p.DocumentationPluginsBootstrapper : Context refreshed
2020-04-29 12:16:49.644  INFO 12072 --- [main] d.s.w.p.DocumentationPluginsBootstrapper : Found 1 custom documentation plugin(s)
2020-04-29 12:16:49.676  INFO 12072 --- [main] s.d.s.w.s.ApiListingReferenceScanner     : Scanning for api listing references
2020-04-29 12:16:49.996  INFO 12072 --- [main] o.s.b.w.embedded.tomcat.TomcatWebServer  : Tomcat started on port(s): 8081 (http) with context path ''
2020-04-29 12:16:49.997  INFO 12072 --- [main] it.course.myblog.MyblogApplication       : Started MyblogApplication in 6.251 seconds (JVM running for 6.832)
2020-04-29 12:17:42.862  INFO 12072 --- [RMI TCP Connection(9)-127.0.0.1] inMXBeanRegistrar$SpringApplicationAdmin : Application shutdown requested.
2020-04-29 12:17:42.867  INFO 12072 --- [RMI TCP Connection(9)-127.0.0.1] o.s.s.concurrent.ThreadPoolTaskExecutor  : Shutting down ExecutorService 'applicationTaskExecutor'
2020-04-29 12:17:42.877  INFO 12072 --- [RMI TCP Connection(9)-127.0.0.1] j.LocalContainerEntityManagerFactoryBean : Closing JPA EntityManagerFactory for persistence unit 'default'
2020-04-29 12:17:42.879  INFO 12072 --- [RMI TCP Connection(9)-127.0.0.1] com.zaxxer.hikari.HikariDataSource       : HikariPool-1 - Shutdown initiated...
2020-04-29 12:17:42.883  INFO 12072 --- [RMI TCP Connection(9)-127.0.0.1] com.zaxxer.hikari.HikariDataSource       : HikariPool-1 - Shutdown completed.
